<?xml version="1.0" encoding="UTF-8"?>
<testng-results ignored="0" total="3" passed="3" failed="0" skipped="0">
  <reporter-output>
  </reporter-output>
  <suite started-at="2020-01-15T08:18:12Z" name="Default suite" finished-at="2020-01-15T08:18:44Z" duration-ms="32741">
    <groups>
      <group name="cucumber">
        <method signature="AbstractTestNGCucumberTests.runScenario(io.cucumber.testng.PickleEventWrapper, io.cucumber.testng.CucumberFeatureWrapper)[pri:0, instance:TestRunner.DataDrivenRunner@4b44655e]" name="runScenario" class="io.cucumber.testng.AbstractTestNGCucumberTests"/>
      </group> <!-- cucumber -->
    </groups>
    <test started-at="2020-01-15T08:18:12Z" name="Default test" finished-at="2020-01-15T08:18:44Z" duration-ms="32741">
      <class name="TestRunner.DataDrivenRunner">
        <test-method is-config="true" signature="setUpClass()[pri:0, instance:TestRunner.DataDrivenRunner@4b44655e]" started-at="2020-01-15T08:18:12Z" name="setUpClass" finished-at="2020-01-15T08:18:12Z" duration-ms="135" status="PASS">
          <reporter-output>
          </reporter-output>
        </test-method> <!-- setUpClass -->
        <test-method signature="runScenario(io.cucumber.testng.PickleEventWrapper, io.cucumber.testng.CucumberFeatureWrapper)[pri:0, instance:TestRunner.DataDrivenRunner@4b44655e]" started-at="2020-01-15T08:18:12Z" name="runScenario" description="Runs Cucumber Scenarios" data-provider="scenarios" finished-at="2020-01-15T08:18:23Z" duration-ms="10685" status="PASS">
          <params>
            <param index="0">
              <value>
                <![CDATA["Checking functionality with valid data"]]>
              </value>
            </param>
            <param index="1">
              <value>
                <![CDATA["Login functinality"]]>
              </value>
            </param>
          </params>
          <reporter-output>
          </reporter-output>
        </test-method> <!-- runScenario -->
        <test-method signature="runScenario(io.cucumber.testng.PickleEventWrapper, io.cucumber.testng.CucumberFeatureWrapper)[pri:0, instance:TestRunner.DataDrivenRunner@4b44655e]" started-at="2020-01-15T08:18:23Z" name="runScenario" description="Runs Cucumber Scenarios" data-provider="scenarios" finished-at="2020-01-15T08:18:31Z" duration-ms="8260" status="PASS">
          <params>
            <param index="0">
              <value>
                <![CDATA["Checking functionality with valid data"]]>
              </value>
            </param>
            <param index="1">
              <value>
                <![CDATA["Login functinality"]]>
              </value>
            </param>
          </params>
          <reporter-output>
          </reporter-output>
        </test-method> <!-- runScenario -->
        <test-method signature="runScenario(io.cucumber.testng.PickleEventWrapper, io.cucumber.testng.CucumberFeatureWrapper)[pri:0, instance:TestRunner.DataDrivenRunner@4b44655e]" started-at="2020-01-15T08:18:31Z" name="runScenario" description="Runs Cucumber Scenarios" data-provider="scenarios" finished-at="2020-01-15T08:18:44Z" duration-ms="13602" status="PASS">
          <params>
            <param index="0">
              <value>
                <![CDATA["Checking functionality with valid data"]]>
              </value>
            </param>
            <param index="1">
              <value>
                <![CDATA["Login functinality"]]>
              </value>
            </param>
          </params>
          <reporter-output>
          </reporter-output>
        </test-method> <!-- runScenario -->
        <test-method is-config="true" signature="tearDownClass()[pri:0, instance:TestRunner.DataDrivenRunner@4b44655e]" started-at="2020-01-15T08:18:44Z" name="tearDownClass" finished-at="2020-01-15T08:18:44Z" duration-ms="7" status="PASS">
          <reporter-output>
          </reporter-output>
        </test-method> <!-- tearDownClass -->
      </class> <!-- TestRunner.DataDrivenRunner -->
    </test> <!-- Default test -->
  </suite> <!-- Default suite -->
</testng-results>
